{"level":"info","message":"Server running on port 5000","timestamp":"2026-02-21T07:19:23.818Z"}
{"level":"error","message":"Error: connect ECONNREFUSED ::1:27017, connect ECONNREFUSED 127.0.0.1:27017","timestamp":"2026-02-21T07:19:53.872Z"}
{"level":"info","message":"Server running on port 5000","timestamp":"2026-02-21T07:56:12.279Z"}
{"level":"error","message":"Error: connect ECONNREFUSED ::1:27017, connect ECONNREFUSED 127.0.0.1:27017","timestamp":"2026-02-21T07:56:42.305Z"}
{"level":"error","message":"Operation `orders.deleteMany()` buffering timed out after 10000ms","timestamp":"2026-02-21T07:58:33.032Z"}
{"level":"info","message":"Server running on port 5000","timestamp":"2026-02-21T08:14:46.846Z"}
{"level":"error","message":"Error: connect ECONNREFUSED ::1:27017, connect ECONNREFUSED 127.0.0.1:27017","timestamp":"2026-02-21T08:15:16.866Z"}
{"level":"info","message":"Server running on port 5000","timestamp":"2026-02-21T09:05:19.452Z"}
{"level":"error","message":"Error: connect ECONNREFUSED ::1:27017, connect ECONNREFUSED 127.0.0.1:27017","timestamp":"2026-02-21T09:05:49.426Z"}
{"level":"info","message":"Server running on port 5000","timestamp":"2026-02-21T09:37:39.118Z"}
{"level":"error","message":"Error: connect ECONNREFUSED ::1:27017, connect ECONNREFUSED 127.0.0.1:27017","timestamp":"2026-02-21T09:38:09.001Z"}
{"level":"info","message":"Server running on port 5000","timestamp":"2026-02-23T04:42:08.845Z"}
{"level":"error","message":"Error: connect ECONNREFUSED ::1:27017, connect ECONNREFUSED 127.0.0.1:27017","timestamp":"2026-02-23T04:42:38.848Z"}
{"level":"info","message":"Server running on port 5000","timestamp":"2026-02-23T05:25:37.437Z"}
{"level":"error","message":"Error: connect ECONNREFUSED ::1:27017, connect ECONNREFUSED 127.0.0.1:27017","timestamp":"2026-02-23T05:26:07.404Z"}
{"level":"info","message":"Server running on port 5000","timestamp":"2026-02-23T05:38:04.973Z"}
{"level":"error","message":"Error: connect ECONNREFUSED ::1:27017, connect ECONNREFUSED 127.0.0.1:27017","timestamp":"2026-02-23T05:38:34.962Z"}
{"level":"info","message":"Server running on port 5000","timestamp":"2026-02-23T10:23:41.785Z"}
{"level":"error","message":"Error: querySrv ECONNREFUSED _mongodb._tcp.cluster0.mmilbvc.mongodb.net","timestamp":"2026-02-23T10:23:41.875Z"}
{"level":"info","message":"Server running on port 5000","timestamp":"2026-02-23T10:48:53.529Z"}
{"level":"info","message":"Server running on port 5000","timestamp":"2026-02-25T07:44:35.373Z"}
{"level":"error","message":"Error: querySrv ECONNREFUSED _mongodb._tcp.cluster0.mmilbvc.mongodb.net","timestamp":"2026-02-25T07:44:35.418Z"}
{"level":"info","message":"Server running on port 5000","timestamp":"2026-02-25T07:56:48.422Z"}
{"level":"error","message":"Error: querySrv ECONNREFUSED _mongodb._tcp.cluster0.mmilbvc.mongodb.net","timestamp":"2026-02-25T07:56:48.463Z"}
{"level":"info","message":"Server running on port 5000","timestamp":"2026-02-25T08:06:27.741Z"}
{"level":"error","message":"Error: querySrv ECONNREFUSED _mongodb._tcp.cluster0.mmilbvc.mongodb.net","timestamp":"2026-02-25T08:06:27.778Z"}
{"level":"info","message":"Server running on port 5000","timestamp":"2026-02-25T08:35:12.828Z"}
{"level":"error","message":"Error: Server selection timed out after 30000 ms","timestamp":"2026-02-25T08:35:42.811Z"}
{"level":"info","message":"Server running on port 5000","timestamp":"2026-02-25T10:02:44.811Z"}
{"level":"error","message":"Error: querySrv ECONNREFUSED _mongodb._tcp.cluster0.mmilbvc.mongodb.net","timestamp":"2026-02-25T10:02:44.853Z"}
{"level":"info","message":"Server running on port 5000","timestamp":"2026-02-25T10:06:13.683Z"}
{"level":"info","message":"Server running on port 5000","timestamp":"2026-02-25T10:06:13.915Z"}
{"level":"info","message":"Server running on port 5000","timestamp":"2026-02-25T10:06:13.918Z"}
{"level":"info","message":"Server running on port 5000","timestamp":"2026-02-25T10:06:14.030Z"}
{"level":"info","message":"MongoDB Connected: ac-tgtccj1-shard-00-00.mmilbvc.mongodb.net","timestamp":"2026-02-25T10:06:16.633Z"}
{"level":"info","message":"MongoDB Connected: ac-tgtccj1-shard-00-02.mmilbvc.mongodb.net","timestamp":"2026-02-25T10:06:16.731Z"}
{"level":"info","message":"MongoDB Connected: ac-tgtccj1-shard-00-01.mmilbvc.mongodb.net","timestamp":"2026-02-25T10:06:16.968Z"}
{"level":"info","message":"MongoDB Connected: ac-tgtccj1-shard-00-01.mmilbvc.mongodb.net","timestamp":"2026-02-25T10:06:17.123Z"}
{"level":"info","message":"Server running on port 5000","timestamp":"2026-02-25T10:06:17.177Z"}
{"level":"info","message":"MongoDB Connected: ac-tgtccj1-shard-00-00.mmilbvc.mongodb.net","timestamp":"2026-02-25T10:06:18.031Z"}
{"level":"info","message":"Server running on port 5000","timestamp":"2026-02-25T10:06:53.739Z"}
{"level":"info","message":"MongoDB Connected: ac-tgtccj1-shard-00-02.mmilbvc.mongodb.net","timestamp":"2026-02-25T10:06:54.432Z"}
{"level":"info","message":"MongoDB Connected: ac-tgtccj1-shard-00-02.mmilbvc.mongodb.net","timestamp":"2026-02-25T10:18:10.446Z"}
{"level":"info","message":"Mass Data Imported Successfully!","timestamp":"2026-02-25T10:18:12.141Z"}
{"level":"info","message":"Server running on port 5000","timestamp":"2026-02-25T10:27:15.167Z"}
{"level":"info","message":"Server running on port 5000","timestamp":"2026-02-25T10:27:15.252Z"}
{"level":"info","message":"Server running on port 5000","timestamp":"2026-02-25T10:27:15.293Z"}
{"level":"info","message":"Server running on port 5000","timestamp":"2026-02-25T10:27:15.457Z"}
{"level":"info","message":"Server running on port 5000","timestamp":"2026-02-25T10:27:15.404Z"}
{"level":"info","message":"Server running on port 5000","timestamp":"2026-02-25T10:27:16.009Z"}
{"level":"info","message":"MongoDB Connected: ac-tgtccj1-shard-00-02.mmilbvc.mongodb.net","timestamp":"2026-02-25T10:27:16.841Z"}
{"level":"info","message":"MongoDB Connected: ac-tgtccj1-shard-00-02.mmilbvc.mongodb.net","timestamp":"2026-02-25T10:27:16.886Z"}
{"level":"info","message":"MongoDB Connected: ac-tgtccj1-shard-00-02.mmilbvc.mongodb.net","timestamp":"2026-02-25T10:27:16.879Z"}
{"level":"info","message":"MongoDB Connected: ac-tgtccj1-shard-00-01.mmilbvc.mongodb.net","timestamp":"2026-02-25T10:27:17.064Z"}
{"level":"info","message":"MongoDB Connected: ac-tgtccj1-shard-00-00.mmilbvc.mongodb.net","timestamp":"2026-02-25T10:27:17.158Z"}
{"level":"info","message":"MongoDB Connected: ac-tgtccj1-shard-00-02.mmilbvc.mongodb.net","timestamp":"2026-02-25T10:27:17.301Z"}
{"level":"info","message":"Server running on port 5000","timestamp":"2026-02-25T10:27:41.638Z"}
{"level":"info","message":"MongoDB Connected: ac-tgtccj1-shard-00-00.mmilbvc.mongodb.net","timestamp":"2026-02-25T10:27:42.331Z"}
{"level":"info","message":"GET /api/products?keyword=titan","timestamp":"2026-02-25T10:28:31.874Z"}
{"level":"info","message":"GET /api/products?keyword=titan","timestamp":"2026-02-25T10:30:01.071Z"}
{"level":"info","message":"GET /","timestamp":"2026-02-25T10:47:18.726Z"}
{"level":"info","message":"GET /","timestamp":"2026-02-25T10:47:18.949Z"}
{"level":"info","message":"GET /favicon.ico","timestamp":"2026-02-25T10:47:19.552Z"}
{"level":"info","message":"GET /favicon.ico","timestamp":"2026-02-25T10:47:19.676Z"}
{"level":"info","message":"GET /","timestamp":"2026-02-25T10:52:12.057Z"}
{"level":"info","message":"Server running on port 5000","timestamp":"2026-02-25T10:56:21.488Z"}
{"level":"info","message":"Server running on port 5000","timestamp":"2026-02-25T10:56:21.746Z"}
{"level":"info","message":"Server running on port 5000","timestamp":"2026-02-25T10:56:21.910Z"}
{"level":"info","message":"Server running on port 5000","timestamp":"2026-02-25T10:56:22.139Z"}
{"level":"info","message":"Server running on port 5000","timestamp":"2026-02-25T10:56:22.388Z"}
{"level":"info","message":"Server running on port 5000","timestamp":"2026-02-25T10:56:22.406Z"}
{"level":"info","message":"MongoDB Connected: ac-tgtccj1-shard-00-00.mmilbvc.mongodb.net","timestamp":"2026-02-25T10:56:23.426Z"}
{"level":"info","message":"MongoDB Connected: ac-tgtccj1-shard-00-02.mmilbvc.mongodb.net","timestamp":"2026-02-25T10:56:23.417Z"}
{"level":"info","message":"Server running on port 5000","timestamp":"2026-02-25T10:56:22.584Z"}
{"level":"info","message":"MongoDB Connected: ac-tgtccj1-shard-00-02.mmilbvc.mongodb.net","timestamp":"2026-02-25T10:56:23.608Z"}
{"level":"info","message":"MongoDB Connected: ac-tgtccj1-shard-00-01.mmilbvc.mongodb.net","timestamp":"2026-02-25T10:56:23.686Z"}
{"level":"info","message":"MongoDB Connected: ac-tgtccj1-shard-00-00.mmilbvc.mongodb.net","timestamp":"2026-02-25T10:56:23.779Z"}
{"level":"info","message":"MongoDB Connected: ac-tgtccj1-shard-00-00.mmilbvc.mongodb.net","timestamp":"2026-02-25T10:56:24.062Z"}
{"level":"info","message":"MongoDB Connected: ac-tgtccj1-shard-00-01.mmilbvc.mongodb.net","timestamp":"2026-02-25T10:56:24.251Z"}
{"level":"info","message":"Server running on port 5000","timestamp":"2026-02-26T04:58:25.619Z"}
{"level":"info","message":"Server running on port 5000","timestamp":"2026-02-26T05:07:46.488Z"}
{"level":"error","message":"Error: Could not connect to any servers in your MongoDB Atlas cluster. One common reason is that you're trying to access the database from an IP that isn't whitelisted. Make sure your current IP address is on your Atlas cluster's IP whitelist: https://www.mongodb.com/docs/atlas/security-whitelist/","timestamp":"2026-02-26T05:08:16.703Z"}
{"level":"info","message":"Server running on port 5000","timestamp":"2026-02-26T05:26:16.816Z"}
{"level":"info","message":"MongoDB Connected: ac-tgtccj1-shard-00-00.mmilbvc.mongodb.net","timestamp":"2026-02-26T05:26:17.699Z"}
{"level":"info","message":"Server running on port 5000","timestamp":"2026-02-26T05:29:03.966Z"}
{"level":"info","message":"MongoDB Connected: ac-tgtccj1-shard-00-02.mmilbvc.mongodb.net","timestamp":"2026-02-26T05:29:04.824Z"}
{"level":"info","message":"Server running on port 5000","timestamp":"2026-02-26T05:38:17.012Z"}
{"level":"info","message":"MongoDB Connected: ac-tgtccj1-shard-00-02.mmilbvc.mongodb.net","timestamp":"2026-02-26T05:38:17.909Z"}
{"level":"info","message":"Server running on port 5000","timestamp":"2026-02-26T05:55:11.051Z"}
{"level":"info","message":"MongoDB Connected: ac-tgtccj1-shard-00-02.mmilbvc.mongodb.net","timestamp":"2026-02-26T05:55:11.832Z"}
{"level":"info","message":"MongoDB Connected: ac-tgtccj1-shard-00-01.mmilbvc.mongodb.net","timestamp":"2026-02-26T06:22:53.273Z"}
{"level":"info","message":"Mass Data Imported Successfully!","timestamp":"2026-02-26T06:22:54.647Z"}
{"level":"info","message":"Server running on port 5000","timestamp":"2026-02-26T06:36:11.050Z"}
{"level":"info","message":"MongoDB Connected: ac-tgtccj1-shard-00-00.mmilbvc.mongodb.net","timestamp":"2026-02-26T06:36:13.737Z"}
{"level":"info","message":"Attempting to connect to MongoDB Atlas...","timestamp":"2026-02-26T06:50:14.048Z"}
{"level":"info","message":"Server running on port 5000","timestamp":"2026-02-26T06:50:14.167Z"}
{"level":"info","message":"MongoDB Connected: ac-tgtccj1-shard-00-02.mmilbvc.mongodb.net","timestamp":"2026-02-26T06:50:14.956Z"}
{"level":"info","message":"Attempting to connect to MongoDB Atlas...","timestamp":"2026-02-26T06:57:23.807Z"}
{"level":"info","message":"Server running on port 5000","timestamp":"2026-02-26T06:57:23.953Z"}
{"level":"info","message":"MongoDB Connected: ac-tgtccj1-shard-00-01.mmilbvc.mongodb.net","timestamp":"2026-02-26T06:57:24.766Z"}
{"level":"info","message":"Attempting to connect to MongoDB Atlas...","timestamp":"2026-02-26T07:02:35.173Z"}
{"level":"info","message":"Server running on port 5000","timestamp":"2026-02-26T07:02:35.331Z"}
{"level":"info","message":"MongoDB Connected: ac-tgtccj1-shard-00-02.mmilbvc.mongodb.net","timestamp":"2026-02-26T07:02:36.181Z"}
{"level":"info","message":"Attempting to connect to MongoDB Atlas...","timestamp":"2026-02-26T07:15:12.189Z"}
{"level":"info","message":"MongoDB Connected: ac-tgtccj1-shard-00-01.mmilbvc.mongodb.net","timestamp":"2026-02-26T07:15:13.085Z"}
{"level":"info","message":"Mass Data Imported Successfully!","timestamp":"2026-02-26T07:15:14.756Z"}
{"level":"info","message":"Attempting to connect to MongoDB Atlas...","timestamp":"2026-02-26T07:34:20.555Z"}
{"level":"info","message":"Server running on port 5000","timestamp":"2026-02-26T07:34:20.720Z"}
{"level":"info","message":"MongoDB Connected: ac-tgtccj1-shard-00-00.mmilbvc.mongodb.net","timestamp":"2026-02-26T07:34:21.493Z"}
{"level":"info","message":"Attempting to connect to MongoDB Atlas...","timestamp":"2026-02-26T09:33:16.611Z"}
{"level":"info","message":"Server running on port 5000","timestamp":"2026-02-26T09:33:16.743Z"}
{"level":"info","message":"MongoDB Connected: ac-tgtccj1-shard-00-00.mmilbvc.mongodb.net","timestamp":"2026-02-26T09:33:17.882Z"}
{"level":"info","message":"Attempting to connect to MongoDB Atlas...","timestamp":"2026-02-26T09:33:45.194Z"}
{"level":"info","message":"Server running on port 5000","timestamp":"2026-02-26T09:33:45.285Z"}
{"level":"info","message":"MongoDB Connected: ac-tgtccj1-shard-00-01.mmilbvc.mongodb.net","timestamp":"2026-02-26T09:33:46.120Z"}
{"level":"info","message":"Attempting to connect to MongoDB Atlas...","timestamp":"2026-02-26T09:34:19.546Z"}
{"level":"info","message":"Server running on port 5000","timestamp":"2026-02-26T09:34:19.633Z"}
{"level":"info","message":"MongoDB Connected: ac-tgtccj1-shard-00-01.mmilbvc.mongodb.net","timestamp":"2026-02-26T09:34:24.219Z"}
{"level":"info","message":"Attempting to connect to MongoDB Atlas...","timestamp":"2026-02-26T10:51:50.354Z"}
{"level":"info","message":"Server running on port 5000","timestamp":"2026-02-26T10:51:50.494Z"}
{"level":"info","message":"MongoDB Connected: ac-tgtccj1-shard-00-00.mmilbvc.mongodb.net","timestamp":"2026-02-26T10:51:51.456Z"}
{"level":"info","message":"Attempting to connect to MongoDB Atlas...","timestamp":"2026-02-26T10:53:07.328Z"}
{"level":"info","message":"Server running on port 5000","timestamp":"2026-02-26T10:53:08.394Z"}
{"level":"info","message":"MongoDB Connected: ac-tgtccj1-shard-00-00.mmilbvc.mongodb.net","timestamp":"2026-02-26T10:53:11.217Z"}
{"level":"info","message":"Attempting to connect to MongoDB Atlas...","timestamp":"2026-02-26T10:55:37.741Z"}
{"level":"info","message":"Server running on port 5000","timestamp":"2026-02-26T10:55:38.046Z"}
{"level":"info","message":"MongoDB Connected: ac-tgtccj1-shard-00-02.mmilbvc.mongodb.net","timestamp":"2026-02-26T10:55:40.043Z"}
{"level":"info","message":"Attempting to connect to MongoDB Atlas...","timestamp":"2026-03-03T07:46:20.092Z"}
{"level":"info","message":"Server running on port 5000","timestamp":"2026-03-03T07:46:20.210Z"}
{"level":"error","message":"MongoDB connection error: querySrv ECONNREFUSED _mongodb._tcp.cluster0.mmilbvc.mongodb.net","timestamp":"2026-03-03T07:46:20.247Z"}
{"level":"info","message":"Attempting to connect to MongoDB Atlas...","timestamp":"2026-03-03T07:48:31.000Z"}
{"level":"info","message":"Server running on port 5000","timestamp":"2026-03-03T07:48:31.391Z"}
{"level":"error","message":"MongoDB connection error: querySrv ECONNREFUSED _mongodb._tcp.cluster0.mmilbvc.mongodb.net","timestamp":"2026-03-03T07:48:31.496Z"}
{"level":"info","message":"Attempting to connect to MongoDB Atlas...","timestamp":"2026-03-03T08:00:35.880Z"}
{"level":"info","message":"Server running on port 5000","timestamp":"2026-03-03T08:00:36.004Z"}
{"level":"error","message":"MongoDB connection error: querySrv ECONNREFUSED _mongodb._tcp.cluster0.mmilbvc.mongodb.net","timestamp":"2026-03-03T08:00:36.039Z"}
{"level":"info","message":"DNS servers set to Google DNS for SRV resolution","timestamp":"2026-03-04T06:51:50.024Z"}
{"level":"info","message":"Attempting to connect to MongoDB Atlas...","timestamp":"2026-03-04T06:51:50.041Z"}
{"level":"info","message":"MongoDB Connected: ac-tgtccj1-shard-00-01.mmilbvc.mongodb.net","timestamp":"2026-03-04T06:51:51.157Z"}
{"level":"info","message":"Mass Data Imported Successfully!","timestamp":"2026-03-04T06:51:52.988Z"}
{"level":"info","message":"DNS servers set to Google DNS for SRV resolution","timestamp":"2026-03-04T06:54:58.679Z"}
{"level":"info","message":"Attempting to connect to MongoDB Atlas...","timestamp":"2026-03-04T06:55:00.860Z"}
{"level":"info","message":"Server running on port 5000","timestamp":"2026-03-04T06:55:01.005Z"}
{"level":"info","message":"MongoDB Connected: ac-tgtccj1-shard-00-02.mmilbvc.mongodb.net","timestamp":"2026-03-04T06:55:01.828Z"}
{"level":"info","message":"DNS servers set to Google DNS for SRV resolution","timestamp":"2026-03-04T07:02:10.725Z"}
{"level":"info","message":"Attempting to connect to MongoDB Atlas...","timestamp":"2026-03-04T07:02:12.498Z"}
{"level":"info","message":"Server running on port 5000","timestamp":"2026-03-04T07:02:12.592Z"}
{"level":"info","message":"MongoDB Connected: ac-tgtccj1-shard-00-01.mmilbvc.mongodb.net","timestamp":"2026-03-04T07:02:13.372Z"}
{"level":"info","message":"DNS servers set to Google DNS for SRV resolution","timestamp":"2026-03-04T09:07:03.745Z"}
{"level":"info","message":"Attempting to connect to MongoDB Atlas...","timestamp":"2026-03-04T09:07:04.534Z"}
{"level":"info","message":"Server running on port 5000","timestamp":"2026-03-04T09:07:04.624Z"}
{"level":"info","message":"MongoDB Connected: ac-tgtccj1-shard-00-00.mmilbvc.mongodb.net","timestamp":"2026-03-04T09:07:05.594Z"}
{"level":"info","message":"GET /api/config/paypal","timestamp":"2026-03-04T09:19:41.298Z"}
{"level":"info","message":"DNS servers set to Google DNS for SRV resolution","timestamp":"2026-03-04T10:25:00.629Z"}
{"level":"info","message":"Attempting to connect to MongoDB Atlas...","timestamp":"2026-03-04T10:25:01.528Z"}
{"level":"info","message":"Server running on port 5000","timestamp":"2026-03-04T10:25:01.637Z"}
{"level":"info","message":"MongoDB Connected: ac-tgtccj1-shard-00-01.mmilbvc.mongodb.net","timestamp":"2026-03-04T10:25:02.502Z"}
{"level":"info","message":"DNS servers set to Google DNS for SRV resolution","timestamp":"2026-03-04T10:46:26.863Z"}
{"level":"info","message":"Attempting to connect to MongoDB Atlas...","timestamp":"2026-03-04T10:46:27.673Z"}
{"level":"info","message":"Server running on port 5000","timestamp":"2026-03-04T10:46:27.770Z"}
{"level":"info","message":"MongoDB Connected: ac-tgtccj1-shard-00-00.mmilbvc.mongodb.net","timestamp":"2026-03-04T10:46:28.524Z"}
{"level":"info","message":"DNS servers set to Google DNS for SRV resolution","timestamp":"2026-03-04T10:50:51.843Z"}
{"level":"info","message":"Attempting to connect to MongoDB Atlas...","timestamp":"2026-03-04T10:50:54.228Z"}
{"level":"info","message":"Server running on port 5000","timestamp":"2026-03-04T10:50:54.310Z"}
{"level":"info","message":"MongoDB Connected: ac-tgtccj1-shard-00-02.mmilbvc.mongodb.net","timestamp":"2026-03-04T10:50:55.822Z"}
{"level":"info","message":"DNS servers set to Google DNS for SRV resolution","timestamp":"2026-03-04T10:58:05.216Z"}
{"level":"info","message":"Attempting to connect to MongoDB Atlas...","timestamp":"2026-03-04T10:58:08.510Z"}
{"level":"info","message":"Server running on port 5000","timestamp":"2026-03-04T10:58:08.765Z"}
{"level":"info","message":"MongoDB Connected: ac-tgtccj1-shard-00-00.mmilbvc.mongodb.net","timestamp":"2026-03-04T10:58:09.954Z"}
{"level":"info","message":"DNS servers set to Google DNS for SRV resolution","timestamp":"2026-03-05T10:32:48.358Z"}
{"level":"info","message":"Attempting to connect to MongoDB Atlas...","timestamp":"2026-03-05T10:32:50.522Z"}
{"level":"info","message":"Server running on port 5000","timestamp":"2026-03-05T10:32:50.618Z"}
{"level":"info","message":"MongoDB Connected: ac-tgtccj1-shard-00-02.mmilbvc.mongodb.net","timestamp":"2026-03-05T10:32:51.724Z"}
{"level":"info","message":"GET /api/auth/profile","timestamp":"2026-03-05T10:36:41.860Z"}
{"level":"info","message":"Verifying auth token...","timestamp":"2026-03-05T10:36:41.895Z"}
{"level":"info","message":"Using development demo token","timestamp":"2026-03-05T10:36:41.897Z"}
{"level":"info","message":"POST /api/auth/login","timestamp":"2026-03-05T10:38:47.221Z"}
{"level":"info","message":"POST /api/auth/login","timestamp":"2026-03-05T10:38:57.204Z"}
{"level":"info","message":"POST /api/auth/login","timestamp":"2026-03-05T10:39:19.272Z"}
{"level":"info","message":"POST /api/auth/login","timestamp":"2026-03-05T10:39:24.900Z"}
{"level":"info","message":"POST /api/auth/login","timestamp":"2026-03-05T10:39:27.516Z"}
{"level":"info","message":"GET /api/auth/profile","timestamp":"2026-03-05T10:39:34.918Z"}
{"level":"info","message":"Verifying auth token...","timestamp":"2026-03-05T10:39:34.954Z"}
{"level":"info","message":"GET /api/admin/sellers?status=pending","timestamp":"2026-03-05T10:39:55.390Z"}
{"level":"info","message":"Verifying auth token...","timestamp":"2026-03-05T10:39:55.395Z"}
{"level":"info","message":"GET /api/admin/sellers?status=approved","timestamp":"2026-03-05T10:39:55.406Z"}
{"level":"info","message":"Verifying auth token...","timestamp":"2026-03-05T10:39:55.409Z"}
{"level":"info","message":"GET /api/admin/sellers?status=rejected","timestamp":"2026-03-05T10:39:55.422Z"}
{"level":"info","message":"Verifying auth token...","timestamp":"2026-03-05T10:39:55.425Z"}
{"level":"info","message":"GET /api/admin/sellers?status=pending","timestamp":"2026-03-05T10:39:55.508Z"}
{"level":"info","message":"Verifying auth token...","timestamp":"2026-03-05T10:39:55.510Z"}
{"level":"info","message":"GET /api/admin/sellers?status=approved","timestamp":"2026-03-05T10:39:55.560Z"}
{"level":"info","message":"Verifying auth token...","timestamp":"2026-03-05T10:39:55.563Z"}
{"level":"info","message":"GET /api/admin/sellers?status=rejected","timestamp":"2026-03-05T10:39:55.575Z"}
{"level":"info","message":"Verifying auth token...","timestamp":"2026-03-05T10:39:55.577Z"}
{"level":"info","message":"GET /api/admin/sellers?status=pending","timestamp":"2026-03-05T10:40:29.440Z"}
{"level":"info","message":"Verifying auth token...","timestamp":"2026-03-05T10:40:29.553Z"}
{"level":"info","message":"GET /api/admin/sellers?status=pending","timestamp":"2026-03-05T10:40:30.441Z"}
{"level":"info","message":"Verifying auth token...","timestamp":"2026-03-05T10:40:30.516Z"}
{"level":"info","message":"GET /api/admin/sellers?status=pending","timestamp":"2026-03-05T10:40:53.352Z"}
{"level":"info","message":"Verifying auth token...","timestamp":"2026-03-05T10:40:53.363Z"}
{"level":"info","message":"GET /api/admin/sellers?status=approved","timestamp":"2026-03-05T10:40:53.372Z"}
{"level":"info","message":"Verifying auth token...","timestamp":"2026-03-05T10:40:53.374Z"}
{"level":"info","message":"GET /api/admin/sellers?status=rejected","timestamp":"2026-03-05T10:40:53.382Z"}
{"level":"info","message":"Verifying auth token...","timestamp":"2026-03-05T10:40:53.385Z"}
{"level":"info","message":"GET /api/admin/sellers?status=pending","timestamp":"2026-03-05T10:40:53.489Z"}
{"level":"info","message":"Verifying auth token...","timestamp":"2026-03-05T10:40:53.501Z"}
{"level":"info","message":"GET /api/admin/sellers?status=approved","timestamp":"2026-03-05T10:40:53.543Z"}
{"level":"info","message":"Verifying auth token...","timestamp":"2026-03-05T10:40:53.558Z"}
{"level":"info","message":"GET /api/admin/sellers?status=rejected","timestamp":"2026-03-05T10:40:53.574Z"}
{"level":"info","message":"Verifying auth token...","timestamp":"2026-03-05T10:40:53.581Z"}
{"level":"info","message":"GET /api/admin/sellers?status=pending","timestamp":"2026-03-05T10:40:56.403Z"}
{"level":"info","message":"Verifying auth token...","timestamp":"2026-03-05T10:40:56.406Z"}
{"level":"info","message":"GET /api/admin/sellers?status=pending","timestamp":"2026-03-05T10:40:56.498Z"}
{"level":"info","message":"Verifying auth token...","timestamp":"2026-03-05T10:40:56.508Z"}
{"level":"info","message":"GET /api/admin/sellers?status=approved","timestamp":"2026-03-05T10:40:59.360Z"}
{"level":"info","message":"Verifying auth token...","timestamp":"2026-03-05T10:40:59.365Z"}
{"level":"info","message":"GET /api/admin/sellers?status=pending","timestamp":"2026-03-05T10:41:06.976Z"}
{"level":"info","message":"Verifying auth token...","timestamp":"2026-03-05T10:41:06.988Z"}
{"level":"info","message":"GET /api/admin/sellers?status=approved","timestamp":"2026-03-05T10:41:07.023Z"}
{"level":"info","message":"Verifying auth token...","timestamp":"2026-03-05T10:41:07.028Z"}
{"level":"info","message":"GET /api/admin/sellers?status=rejected","timestamp":"2026-03-05T10:41:07.042Z"}
{"level":"info","message":"Verifying auth token...","timestamp":"2026-03-05T10:41:07.044Z"}
{"level":"info","message":"GET /api/admin/sellers?status=pending","timestamp":"2026-03-05T10:41:07.106Z"}
{"level":"info","message":"Verifying auth token...","timestamp":"2026-03-05T10:41:07.125Z"}
{"level":"info","message":"GET /api/admin/sellers?status=approved","timestamp":"2026-03-05T10:41:07.170Z"}
{"level":"info","message":"Verifying auth token...","timestamp":"2026-03-05T10:41:07.184Z"}
{"level":"info","message":"GET /api/admin/sellers?status=rejected","timestamp":"2026-03-05T10:41:07.192Z"}
{"level":"info","message":"Verifying auth token...","timestamp":"2026-03-05T10:41:07.194Z"}
{"level":"info","message":"GET /api/auth/profile","timestamp":"2026-03-05T10:41:17.965Z"}
{"level":"info","message":"Verifying auth token...","timestamp":"2026-03-05T10:41:18.022Z"}
{"level":"info","message":"GET /api/admin/sellers?status=pending","timestamp":"2026-03-05T10:41:18.281Z"}
{"level":"info","message":"Verifying auth token...","timestamp":"2026-03-05T10:41:18.311Z"}
{"level":"info","message":"GET /api/admin/sellers?status=approved","timestamp":"2026-03-05T10:41:18.333Z"}
{"level":"info","message":"Verifying auth token...","timestamp":"2026-03-05T10:41:18.391Z"}
{"level":"info","message":"GET /api/admin/sellers?status=rejected","timestamp":"2026-03-05T10:41:18.426Z"}
{"level":"info","message":"Verifying auth token...","timestamp":"2026-03-05T10:41:18.445Z"}
{"level":"info","message":"GET /api/admin/sellers?status=pending","timestamp":"2026-03-05T10:41:18.577Z"}
{"level":"info","message":"Verifying auth token...","timestamp":"2026-03-05T10:41:18.635Z"}
{"level":"info","message":"GET /api/admin/sellers?status=approved","timestamp":"2026-03-05T10:41:18.716Z"}
{"level":"info","message":"Verifying auth token...","timestamp":"2026-03-05T10:41:18.776Z"}
{"level":"info","message":"GET /api/admin/sellers?status=rejected","timestamp":"2026-03-05T10:41:18.837Z"}
{"level":"info","message":"Verifying auth token...","timestamp":"2026-03-05T10:41:18.877Z"}
{"level":"info","message":"GET /api/auth/profile","timestamp":"2026-03-05T10:41:37.283Z"}
{"level":"info","message":"Verifying auth token...","timestamp":"2026-03-05T10:41:37.347Z"}
{"level":"info","message":"GET /api/admin/sellers?status=pending","timestamp":"2026-03-05T10:41:39.284Z"}
{"level":"info","message":"Verifying auth token...","timestamp":"2026-03-05T10:41:39.297Z"}
{"level":"info","message":"GET /api/admin/sellers?status=approved","timestamp":"2026-03-05T10:41:39.310Z"}
{"level":"info","message":"Verifying auth token...","timestamp":"2026-03-05T10:41:39.313Z"}
{"level":"info","message":"GET /api/admin/sellers?status=rejected","timestamp":"2026-03-05T10:41:39.333Z"}
{"level":"info","message":"Verifying auth token...","timestamp":"2026-03-05T10:41:39.338Z"}
{"level":"info","message":"GET /api/admin/sellers?status=pending","timestamp":"2026-03-05T10:41:39.419Z"}
{"level":"info","message":"Verifying auth token...","timestamp":"2026-03-05T10:41:39.454Z"}
{"level":"info","message":"GET /api/admin/sellers?status=approved","timestamp":"2026-03-05T10:41:39.468Z"}
{"level":"info","message":"Verifying auth token...","timestamp":"2026-03-05T10:41:39.478Z"}
{"level":"info","message":"GET /api/admin/sellers?status=rejected","timestamp":"2026-03-05T10:41:39.491Z"}
{"level":"info","message":"Verifying auth token...","timestamp":"2026-03-05T10:41:39.498Z"}
{"level":"info","message":"GET /api/admin/sellers?status=pending","timestamp":"2026-03-05T10:41:46.123Z"}
{"level":"info","message":"Verifying auth token...","timestamp":"2026-03-05T10:41:46.322Z"}
{"level":"info","message":"GET /api/admin/sellers?status=pending","timestamp":"2026-03-05T10:41:46.472Z"}
{"level":"info","message":"Verifying auth token...","timestamp":"2026-03-05T10:41:46.496Z"}
{"level":"info","message":"POST /api/auth/logout","timestamp":"2026-03-05T10:41:48.346Z"}
{"level":"info","message":"GET /api/auth/profile","timestamp":"2026-03-05T10:42:54.566Z"}
{"level":"info","message":"Verifying auth token...","timestamp":"2026-03-05T10:42:54.578Z"}
{"level":"info","message":"Using development demo token","timestamp":"2026-03-05T10:42:54.582Z"}
{"level":"info","message":"POST /api/auth/login","timestamp":"2026-03-05T10:43:11.008Z"}
{"level":"info","message":"GET /api/admin/sellers?status=pending","timestamp":"2026-03-05T10:43:12.466Z"}
{"level":"info","message":"Verifying auth token...","timestamp":"2026-03-05T10:43:12.482Z"}
{"level":"info","message":"GET /api/admin/sellers?status=approved","timestamp":"2026-03-05T10:43:12.525Z"}
{"level":"info","message":"Verifying auth token...","timestamp":"2026-03-05T10:43:12.532Z"}
{"level":"info","message":"GET /api/admin/sellers?status=rejected","timestamp":"2026-03-05T10:43:12.575Z"}
{"level":"info","message":"Verifying auth token...","timestamp":"2026-03-05T10:43:12.601Z"}
{"level":"info","message":"GET /api/admin/sellers?status=pending","timestamp":"2026-03-05T10:43:12.690Z"}
{"level":"info","message":"Verifying auth token...","timestamp":"2026-03-05T10:43:12.695Z"}
{"level":"info","message":"GET /api/admin/sellers?status=approved","timestamp":"2026-03-05T10:43:12.723Z"}
{"level":"info","message":"Verifying auth token...","timestamp":"2026-03-05T10:43:12.734Z"}
{"level":"info","message":"GET /api/admin/sellers?status=rejected","timestamp":"2026-03-05T10:43:12.748Z"}
{"level":"info","message":"Verifying auth token...","timestamp":"2026-03-05T10:43:12.765Z"}
{"level":"info","message":"GET /api/admin/sellers?status=pending","timestamp":"2026-03-05T10:43:15.089Z"}
{"level":"info","message":"Verifying auth token...","timestamp":"2026-03-05T10:43:15.094Z"}
{"level":"info","message":"GET /api/admin/sellers?status=pending","timestamp":"2026-03-05T10:43:15.191Z"}
{"level":"info","message":"Verifying auth token...","timestamp":"2026-03-05T10:43:15.213Z"}
{"level":"info","message":"GET /api/admin/sellers?status=pending","timestamp":"2026-03-05T10:43:31.475Z"}
{"level":"info","message":"Verifying auth token...","timestamp":"2026-03-05T10:43:31.491Z"}
{"level":"info","message":"GET /api/admin/sellers?status=approved","timestamp":"2026-03-05T10:43:31.536Z"}
{"level":"info","message":"Verifying auth token...","timestamp":"2026-03-05T10:43:31.546Z"}
{"level":"info","message":"GET /api/admin/sellers?status=rejected","timestamp":"2026-03-05T10:43:31.569Z"}
{"level":"info","message":"Verifying auth token...","timestamp":"2026-03-05T10:43:31.604Z"}
{"level":"info","message":"GET /api/admin/sellers?status=pending","timestamp":"2026-03-05T10:43:31.745Z"}
{"level":"info","message":"Verifying auth token...","timestamp":"2026-03-05T10:43:31.753Z"}
{"level":"info","message":"GET /api/admin/sellers?status=approved","timestamp":"2026-03-05T10:43:31.780Z"}
{"level":"info","message":"Verifying auth token...","timestamp":"2026-03-05T10:43:31.794Z"}
{"level":"info","message":"GET /api/admin/sellers?status=rejected","timestamp":"2026-03-05T10:43:31.808Z"}
{"level":"info","message":"Verifying auth token...","timestamp":"2026-03-05T10:43:31.820Z"}
{"level":"info","message":"POST /api/auth/login","timestamp":"2026-03-05T10:52:50.035Z"}
{"level":"info","message":"GET /api/admin/sellers?status=pending","timestamp":"2026-03-05T10:53:07.546Z"}
{"level":"info","message":"Verifying auth token...","timestamp":"2026-03-05T10:53:07.595Z"}
{"level":"info","message":"GET /api/admin/sellers?status=approved","timestamp":"2026-03-05T10:53:07.729Z"}
{"level":"info","message":"Verifying auth token...","timestamp":"2026-03-05T10:53:07.785Z"}
{"level":"info","message":"GET /api/admin/sellers?status=rejected","timestamp":"2026-03-05T10:53:07.798Z"}
{"level":"info","message":"Verifying auth token...","timestamp":"2026-03-05T10:53:07.811Z"}
{"level":"info","message":"GET /api/admin/sellers?status=pending","timestamp":"2026-03-05T10:53:07.835Z"}
{"level":"info","message":"Verifying auth token...","timestamp":"2026-03-05T10:53:07.843Z"}
{"level":"info","message":"GET /api/admin/sellers?status=approved","timestamp":"2026-03-05T10:53:07.897Z"}
{"level":"info","message":"Verifying auth token...","timestamp":"2026-03-05T10:53:07.902Z"}
{"level":"info","message":"GET /api/admin/sellers?status=rejected","timestamp":"2026-03-05T10:53:07.920Z"}
{"level":"info","message":"Verifying auth token...","timestamp":"2026-03-05T10:53:07.926Z"}
{"level":"info","message":"GET /api/admin/sellers?status=pending","timestamp":"2026-03-05T10:54:01.093Z"}
{"level":"info","message":"Verifying auth token...","timestamp":"2026-03-05T10:54:01.098Z"}
{"level":"info","message":"GET /api/admin/sellers?status=pending","timestamp":"2026-03-05T10:54:01.227Z"}
{"level":"info","message":"Verifying auth token...","timestamp":"2026-03-05T10:54:01.231Z"}
{"level":"info","message":"GET /api/admin/sellers?status=pending","timestamp":"2026-03-05T10:54:22.638Z"}
{"level":"info","message":"Verifying auth token...","timestamp":"2026-03-05T10:54:22.655Z"}
{"level":"info","message":"GET /api/admin/sellers?status=approved","timestamp":"2026-03-05T10:54:22.818Z"}
{"level":"info","message":"Verifying auth token...","timestamp":"2026-03-05T10:54:22.851Z"}
{"level":"info","message":"GET /api/admin/sellers?status=rejected","timestamp":"2026-03-05T10:54:22.860Z"}
{"level":"info","message":"Verifying auth token...","timestamp":"2026-03-05T10:54:22.867Z"}
{"level":"info","message":"GET /api/admin/sellers?status=pending","timestamp":"2026-03-05T10:54:23.482Z"}
{"level":"info","message":"Verifying auth token...","timestamp":"2026-03-05T10:54:23.538Z"}
{"level":"info","message":"GET /api/admin/sellers?status=approved","timestamp":"2026-03-05T10:54:23.611Z"}
{"level":"info","message":"Verifying auth token...","timestamp":"2026-03-05T10:54:23.614Z"}
{"level":"info","message":"GET /api/admin/sellers?status=rejected","timestamp":"2026-03-05T10:54:23.820Z"}
{"level":"info","message":"Verifying auth token...","timestamp":"2026-03-05T10:54:23.830Z"}
{"level":"info","message":"GET /api/admin/sellers?status=pending","timestamp":"2026-03-05T11:04:11.818Z"}
{"level":"info","message":"Verifying auth token...","timestamp":"2026-03-05T11:04:11.868Z"}
{"level":"info","message":"GET /api/admin/sellers?status=rejected","timestamp":"2026-03-05T11:04:11.992Z"}
{"level":"info","message":"Verifying auth token...","timestamp":"2026-03-05T11:04:11.993Z"}
{"level":"info","message":"GET /api/admin/sellers?status=approved","timestamp":"2026-03-05T11:04:12.007Z"}
{"level":"info","message":"Verifying auth token...","timestamp":"2026-03-05T11:04:12.012Z"}
{"level":"info","message":"GET /api/admin/sellers?status=pending","timestamp":"2026-03-05T11:04:12.388Z"}
{"level":"info","message":"Verifying auth token...","timestamp":"2026-03-05T11:04:12.408Z"}
{"level":"info","message":"GET /api/admin/sellers?status=approved","timestamp":"2026-03-05T11:04:12.554Z"}
{"level":"info","message":"Verifying auth token...","timestamp":"2026-03-05T11:04:12.567Z"}
{"level":"info","message":"GET /api/admin/sellers?status=rejected","timestamp":"2026-03-05T11:04:12.810Z"}
{"level":"info","message":"Verifying auth token...","timestamp":"2026-03-05T11:04:12.828Z"}
{"level":"info","message":"GET /api/admin/sellers?status=pending","timestamp":"2026-03-05T11:10:10.070Z"}
{"level":"info","message":"Verifying auth token...","timestamp":"2026-03-05T11:10:10.546Z"}
{"level":"info","message":"GET /api/admin/sellers?status=approved","timestamp":"2026-03-05T11:10:11.094Z"}
{"level":"info","message":"Verifying auth token...","timestamp":"2026-03-05T11:10:11.138Z"}
{"level":"info","message":"GET /api/admin/sellers?status=rejected","timestamp":"2026-03-05T11:10:11.174Z"}
{"level":"info","message":"Verifying auth token...","timestamp":"2026-03-05T11:10:11.200Z"}
{"level":"info","message":"GET /api/admin/sellers?status=pending","timestamp":"2026-03-05T11:10:11.497Z"}
{"level":"info","message":"Verifying auth token...","timestamp":"2026-03-05T11:10:11.540Z"}
{"level":"info","message":"GET /api/admin/sellers?status=approved","timestamp":"2026-03-05T11:10:11.591Z"}
{"level":"info","message":"Verifying auth token...","timestamp":"2026-03-05T11:10:11.619Z"}
{"level":"info","message":"GET /api/admin/sellers?status=rejected","timestamp":"2026-03-05T11:10:11.655Z"}
{"level":"info","message":"Verifying auth token...","timestamp":"2026-03-05T11:10:11.669Z"}
{"level":"info","message":"GET /api/auth/profile","timestamp":"2026-03-05T11:12:55.466Z"}
{"level":"info","message":"Verifying auth token...","timestamp":"2026-03-05T11:12:55.478Z"}
{"level":"info","message":"GET /api/admin/sellers?status=pending","timestamp":"2026-03-05T11:12:56.300Z"}
{"level":"info","message":"Verifying auth token...","timestamp":"2026-03-05T11:12:56.464Z"}
{"level":"info","message":"GET /api/admin/sellers?status=approved","timestamp":"2026-03-05T11:12:56.753Z"}
{"level":"info","message":"Verifying auth token...","timestamp":"2026-03-05T11:12:56.977Z"}
{"level":"info","message":"GET /api/admin/sellers?status=rejected","timestamp":"2026-03-05T11:12:57.118Z"}
{"level":"info","message":"Verifying auth token...","timestamp":"2026-03-05T11:12:57.250Z"}
{"level":"info","message":"GET /api/admin/sellers?status=pending","timestamp":"2026-03-05T11:12:57.525Z"}
{"level":"info","message":"Verifying auth token...","timestamp":"2026-03-05T11:12:57.603Z"}
{"level":"info","message":"GET /api/admin/sellers?status=approved","timestamp":"2026-03-05T11:12:57.740Z"}
{"level":"info","message":"Verifying auth token...","timestamp":"2026-03-05T11:12:57.851Z"}
{"level":"info","message":"GET /api/admin/sellers?status=rejected","timestamp":"2026-03-05T11:12:58.011Z"}
{"level":"info","message":"Verifying auth token...","timestamp":"2026-03-05T11:12:58.068Z"}
{"level":"info","message":"GET /api/auth/profile","timestamp":"2026-03-05T11:15:19.407Z"}
{"level":"info","message":"Verifying auth token...","timestamp":"2026-03-05T11:15:19.455Z"}
{"level":"info","message":"GET /api/admin/sellers?status=pending","timestamp":"2026-03-05T11:15:19.875Z"}
{"level":"info","message":"Verifying auth token...","timestamp":"2026-03-05T11:15:19.883Z"}
{"level":"info","message":"GET /api/admin/sellers?status=approved","timestamp":"2026-03-05T11:15:19.891Z"}
{"level":"info","message":"Verifying auth token...","timestamp":"2026-03-05T11:15:19.895Z"}
{"level":"info","message":"GET /api/admin/sellers?status=rejected","timestamp":"2026-03-05T11:15:19.915Z"}
{"level":"info","message":"Verifying auth token...","timestamp":"2026-03-05T11:15:19.924Z"}
{"level":"info","message":"GET /api/admin/sellers?status=pending","timestamp":"2026-03-05T11:15:19.982Z"}
{"level":"info","message":"Verifying auth token...","timestamp":"2026-03-05T11:15:20.029Z"}
{"level":"info","message":"GET /api/admin/sellers?status=approved","timestamp":"2026-03-05T11:15:20.233Z"}
{"level":"info","message":"Verifying auth token...","timestamp":"2026-03-05T11:15:20.550Z"}
{"level":"info","message":"GET /api/admin/sellers?status=rejected","timestamp":"2026-03-05T11:15:20.680Z"}
{"level":"info","message":"Verifying auth token...","timestamp":"2026-03-05T11:15:20.692Z"}
{"level":"info","message":"GET /api/auth/profile","timestamp":"2026-03-05T11:20:02.799Z"}
{"level":"info","message":"Verifying auth token...","timestamp":"2026-03-05T11:20:02.866Z"}
{"level":"info","message":"GET /api/admin/sellers?status=approved","timestamp":"2026-03-05T11:20:04.479Z"}
{"level":"info","message":"Verifying auth token...","timestamp":"2026-03-05T11:20:04.525Z"}
{"level":"info","message":"GET /api/admin/sellers?status=pending","timestamp":"2026-03-05T11:20:04.664Z"}
{"level":"info","message":"Verifying auth token...","timestamp":"2026-03-05T11:20:04.765Z"}
{"level":"info","message":"GET /api/admin/sellers?status=rejected","timestamp":"2026-03-05T11:20:04.788Z"}
{"level":"info","message":"Verifying auth token...","timestamp":"2026-03-05T11:20:04.852Z"}
{"level":"info","message":"GET /api/admin/sellers?status=approved","timestamp":"2026-03-05T11:20:04.936Z"}
{"level":"info","message":"Verifying auth token...","timestamp":"2026-03-05T11:20:04.940Z"}
{"level":"info","message":"GET /api/admin/sellers?status=pending","timestamp":"2026-03-05T11:20:04.948Z"}
{"level":"info","message":"Verifying auth token...","timestamp":"2026-03-05T11:20:04.957Z"}
{"level":"info","message":"GET /api/admin/sellers?status=rejected","timestamp":"2026-03-05T11:20:04.991Z"}
{"level":"info","message":"Verifying auth token...","timestamp":"2026-03-05T11:20:05.011Z"}
{"level":"info","message":"DNS servers set to Google DNS for SRV resolution","timestamp":"2026-03-06T04:42:56.108Z"}
{"level":"info","message":"Attempting to connect to MongoDB Atlas...","timestamp":"2026-03-06T04:42:58.752Z"}
{"level":"info","message":"Server running on port 5000","timestamp":"2026-03-06T04:42:58.864Z"}
{"level":"info","message":"MongoDB Connected: ac-tgtccj1-shard-00-00.mmilbvc.mongodb.net","timestamp":"2026-03-06T04:42:59.811Z"}
{"level":"info","message":"GET /","timestamp":"2026-03-06T04:44:14.261Z"}
{"level":"info","message":"GET /favicon.ico","timestamp":"2026-03-06T04:44:14.840Z"}
{"level":"info","message":"GET /api/auth/profile","timestamp":"2026-03-06T04:49:40.530Z"}
{"level":"info","message":"Verifying auth token...","timestamp":"2026-03-06T04:49:41.243Z"}
{"level":"info","message":"GET /api/auth/profile","timestamp":"2026-03-06T04:50:21.426Z"}
{"level":"info","message":"Verifying auth token...","timestamp":"2026-03-06T04:50:21.445Z"}
{"level":"info","message":"GET /api/auth/profile","timestamp":"2026-03-06T04:50:25.256Z"}
{"level":"info","message":"Verifying auth token...","timestamp":"2026-03-06T04:50:25.272Z"}
{"level":"info","message":"GET /","timestamp":"2026-03-06T04:50:27.534Z"}
{"level":"info","message":"GET /favicon.ico","timestamp":"2026-03-06T04:50:28.337Z"}
{"level":"info","message":"GET /api/admin/sellers?status=pending","timestamp":"2026-03-06T04:51:03.970Z"}
{"level":"info","message":"Verifying auth token...","timestamp":"2026-03-06T04:51:03.973Z"}
{"level":"info","message":"GET /api/admin/sellers?status=approved","timestamp":"2026-03-06T04:51:03.987Z"}
{"level":"info","message":"Verifying auth token...","timestamp":"2026-03-06T04:51:03.989Z"}
{"level":"info","message":"GET /api/admin/sellers?status=rejected","timestamp":"2026-03-06T04:51:04.002Z"}
{"level":"info","message":"Verifying auth token...","timestamp":"2026-03-06T04:51:04.005Z"}
{"level":"info","message":"GET /api/admin/sellers?status=pending","timestamp":"2026-03-06T04:51:04.102Z"}
{"level":"info","message":"Verifying auth token...","timestamp":"2026-03-06T04:51:04.107Z"}
{"level":"info","message":"GET /api/admin/sellers?status=approved","timestamp":"2026-03-06T04:51:04.148Z"}
{"level":"info","message":"Verifying auth token...","timestamp":"2026-03-06T04:51:04.156Z"}
{"level":"info","message":"GET /api/admin/sellers?status=rejected","timestamp":"2026-03-06T04:51:04.167Z"}
{"level":"info","message":"Verifying auth token...","timestamp":"2026-03-06T04:51:04.172Z"}
{"level":"info","message":"GET /api/auth/profile","timestamp":"2026-03-06T04:51:50.113Z"}
{"level":"info","message":"Verifying auth token...","timestamp":"2026-03-06T04:51:51.492Z"}
{"level":"info","message":"GET /api/admin/sellers?status=rejected","timestamp":"2026-03-06T04:51:59.705Z"}
{"level":"info","message":"Verifying auth token...","timestamp":"2026-03-06T04:52:00.175Z"}
{"level":"info","message":"GET /api/admin/sellers?status=approved","timestamp":"2026-03-06T04:52:01.003Z"}
{"level":"info","message":"Verifying auth token...","timestamp":"2026-03-06T04:52:01.265Z"}
{"level":"info","message":"GET /api/admin/sellers?status=pending","timestamp":"2026-03-06T04:52:02.104Z"}
{"level":"info","message":"Verifying auth token...","timestamp":"2026-03-06T04:52:02.950Z"}
{"level":"info","message":"GET /api/admin/sellers?status=rejected","timestamp":"2026-03-06T04:52:04.296Z"}
{"level":"info","message":"Verifying auth token...","timestamp":"2026-03-06T04:52:04.449Z"}
{"level":"info","message":"GET /api/admin/sellers?status=approved","timestamp":"2026-03-06T04:52:04.558Z"}
{"level":"info","message":"Verifying auth token...","timestamp":"2026-03-06T04:52:04.647Z"}
{"level":"info","message":"GET /api/admin/sellers?status=pending","timestamp":"2026-03-06T04:52:04.708Z"}
{"level":"info","message":"Verifying auth token...","timestamp":"2026-03-06T04:52:04.874Z"}
{"level":"info","message":"GET /api/auth/profile","timestamp":"2026-03-06T04:56:29.183Z"}
{"level":"info","message":"Verifying auth token...","timestamp":"2026-03-06T04:56:29.221Z"}
{"level":"info","message":"GET /api/admin/sellers?status=pending","timestamp":"2026-03-06T04:57:01.590Z"}
{"level":"info","message":"Verifying auth token...","timestamp":"2026-03-06T04:57:01.593Z"}
{"level":"info","message":"GET /api/admin/sellers?status=approved","timestamp":"2026-03-06T04:57:01.630Z"}
{"level":"info","message":"Verifying auth token...","timestamp":"2026-03-06T04:57:01.652Z"}
{"level":"info","message":"GET /api/admin/sellers?status=rejected","timestamp":"2026-03-06T04:57:01.682Z"}
{"level":"info","message":"Verifying auth token...","timestamp":"2026-03-06T04:57:01.687Z"}
{"level":"info","message":"GET /api/admin/sellers?status=pending","timestamp":"2026-03-06T04:57:01.760Z"}
{"level":"info","message":"Verifying auth token...","timestamp":"2026-03-06T04:57:01.766Z"}
{"level":"info","message":"GET /api/admin/sellers?status=approved","timestamp":"2026-03-06T04:57:02.124Z"}
{"level":"info","message":"Verifying auth token...","timestamp":"2026-03-06T04:57:02.127Z"}
{"level":"info","message":"GET /api/admin/sellers?status=rejected","timestamp":"2026-03-06T04:57:02.687Z"}
{"level":"info","message":"Verifying auth token...","timestamp":"2026-03-06T04:57:02.691Z"}
{"level":"info","message":"GET /api/admin/sellers?status=pending","timestamp":"2026-03-06T04:59:50.236Z"}
{"level":"info","message":"Verifying auth token...","timestamp":"2026-03-06T04:59:50.410Z"}
{"level":"info","message":"GET /api/admin/sellers?status=pending","timestamp":"2026-03-06T04:59:51.217Z"}
{"level":"info","message":"Verifying auth token...","timestamp":"2026-03-06T04:59:51.231Z"}
{"level":"info","message":"GET /api/auth/profile","timestamp":"2026-03-06T05:11:23.950Z"}
{"level":"info","message":"Verifying auth token...","timestamp":"2026-03-06T05:11:24.214Z"}
{"level":"info","message":"DNS servers set to Google DNS for SRV resolution","timestamp":"2026-03-07T06:09:06.157Z"}
{"level":"info","message":"Attempting to connect to MongoDB Atlas...","timestamp":"2026-03-07T06:09:08.315Z"}
{"level":"info","message":"Server running on port 5000","timestamp":"2026-03-07T06:09:08.443Z"}
{"level":"info","message":"MongoDB Connected: ac-tgtccj1-shard-00-00.mmilbvc.mongodb.net","timestamp":"2026-03-07T06:09:09.311Z"}
{"level":"info","message":"POST /api/auth/seed-admin","timestamp":"2026-03-07T06:13:46.359Z"}
{"level":"info","message":"DNS servers set to Google DNS for SRV resolution","timestamp":"2026-03-07T06:21:18.095Z"}
{"level":"info","message":"Attempting to connect to MongoDB Atlas...","timestamp":"2026-03-07T06:21:19.313Z"}
{"level":"info","message":"Server running on port 5000","timestamp":"2026-03-07T06:21:19.430Z"}
{"level":"info","message":"MongoDB Connected: ac-tgtccj1-shard-00-01.mmilbvc.mongodb.net","timestamp":"2026-03-07T06:21:20.454Z"}
{"level":"info","message":"DNS servers set to Google DNS for SRV resolution","timestamp":"2026-03-07T06:22:45.195Z"}
{"level":"info","message":"Attempting to connect to MongoDB Atlas...","timestamp":"2026-03-07T06:22:46.220Z"}
{"level":"info","message":"Server running on port 5000","timestamp":"2026-03-07T06:22:46.323Z"}
{"level":"info","message":"MongoDB Connected: ac-tgtccj1-shard-00-01.mmilbvc.mongodb.net","timestamp":"2026-03-07T06:22:47.074Z"}
{"level":"info","message":"DNS servers set to Google DNS for SRV resolution","timestamp":"2026-03-07T06:26:33.108Z"}
{"level":"info","message":"Attempting to connect to MongoDB Atlas...","timestamp":"2026-03-07T06:26:34.696Z"}
{"level":"info","message":"Server running on port 5000","timestamp":"2026-03-07T06:26:35.293Z"}
{"level":"info","message":"MongoDB Connected: ac-tgtccj1-shard-00-00.mmilbvc.mongodb.net","timestamp":"2026-03-07T06:26:36.240Z"}
{"level":"info","message":"DNS servers set to Google DNS for SRV resolution","timestamp":"2026-03-07T06:38:17.875Z"}
{"level":"info","message":"Attempting to connect to MongoDB Atlas...","timestamp":"2026-03-07T06:38:19.253Z"}
{"level":"info","message":"Server running on port 5000","timestamp":"2026-03-07T06:38:19.413Z"}
{"level":"info","message":"MongoDB Connected: ac-tgtccj1-shard-00-01.mmilbvc.mongodb.net","timestamp":"2026-03-07T06:38:20.411Z"}
{"level":"info","message":"DNS servers set to Google DNS for SRV resolution","timestamp":"2026-03-07T07:31:40.373Z"}
{"level":"info","message":"Attempting to connect to MongoDB Atlas...","timestamp":"2026-03-07T07:31:42.730Z"}
{"level":"info","message":"Server running on port 5000","timestamp":"2026-03-07T07:31:42.875Z"}
{"level":"info","message":"MongoDB Connected: ac-tgtccj1-shard-00-01.mmilbvc.mongodb.net","timestamp":"2026-03-07T07:31:43.655Z"}
{"level":"info","message":"DNS servers set to Google DNS for SRV resolution","timestamp":"2026-03-23T06:59:06.180Z"}
{"level":"info","message":"Attempting to connect to MongoDB Atlas...","timestamp":"2026-03-23T06:59:12.351Z"}
{"level":"info","message":"Server running on port 5000","timestamp":"2026-03-23T06:59:12.507Z"}
{"level":"info","message":"MongoDB Connected: ac-tgtccj1-shard-00-02.mmilbvc.mongodb.net","timestamp":"2026-03-23T06:59:13.560Z"}
{"level":"info","message":"GET /api/auth/profile","timestamp":"2026-03-23T07:03:07.922Z"}
{"level":"info","message":"Verifying auth token...","timestamp":"2026-03-23T07:03:08.036Z"}
{"level":"info","message":"GET /api/auth/profile","timestamp":"2026-03-23T07:04:48.207Z"}
{"level":"info","message":"Verifying auth token...","timestamp":"2026-03-23T07:04:50.121Z"}
{"level":"info","message":"GET /api/auth/profile","timestamp":"2026-03-23T07:12:59.171Z"}
{"level":"info","message":"Verifying auth token...","timestamp":"2026-03-23T07:12:59.207Z"}
{"level":"info","message":"POST /api/auth/logout","timestamp":"2026-03-23T07:13:06.750Z"}
{"level":"info","message":"DNS servers set to Google DNS for SRV resolution","timestamp":"2026-03-23T07:52:05.958Z"}
{"level":"info","message":"Attempting to connect to MongoDB Atlas...","timestamp":"2026-03-23T07:52:06.097Z"}
{"level":"info","message":"MongoDB Connected: ac-tgtccj1-shard-00-01.mmilbvc.mongodb.net","timestamp":"2026-03-23T07:52:08.691Z"}
{"level":"error","message":"Error importing data: Product validation failed: user: Path `user` is required.","timestamp":"2026-03-23T07:52:12.180Z"}
{"level":"info","message":"DNS servers set to Google DNS for SRV resolution","timestamp":"2026-03-23T07:56:39.869Z"}
{"level":"info","message":"Attempting to connect to MongoDB Atlas...","timestamp":"2026-03-23T07:56:39.887Z"}
{"level":"info","message":"MongoDB Connected: ac-tgtccj1-shard-00-02.mmilbvc.mongodb.net","timestamp":"2026-03-23T07:56:41.240Z"}
{"level":"info","message":"Mass Data Imported Successfully!","timestamp":"2026-03-23T07:56:43.192Z"}
{"level":"info","message":"DNS servers set to Google DNS for SRV resolution","timestamp":"2026-03-23T08:51:04.370Z"}
{"level":"info","message":"Attempting to connect to MongoDB Atlas...","timestamp":"2026-03-23T08:51:04.388Z"}
{"level":"info","message":"MongoDB Connected: ac-tgtccj1-shard-00-02.mmilbvc.mongodb.net","timestamp":"2026-03-23T08:51:05.273Z"}
{"level":"info","message":"Mass Data Imported Successfully!","timestamp":"2026-03-23T08:51:06.937Z"}
{"level":"info","message":"DNS servers set to Google DNS for SRV resolution","timestamp":"2026-03-23T09:12:19.165Z"}
{"level":"info","message":"Attempting to connect to MongoDB Atlas...","timestamp":"2026-03-23T09:12:19.197Z"}
{"level":"info","message":"MongoDB Connected: ac-tgtccj1-shard-00-01.mmilbvc.mongodb.net","timestamp":"2026-03-23T09:12:20.332Z"}
{"level":"info","message":"Data Destroyed!","timestamp":"2026-03-23T09:12:21.002Z"}
{"level":"info","message":"DNS servers set to Google DNS for SRV resolution","timestamp":"2026-03-23T09:12:53.587Z"}
{"level":"info","message":"Attempting to connect to MongoDB Atlas...","timestamp":"2026-03-23T09:12:53.622Z"}
{"level":"info","message":"MongoDB Connected: ac-tgtccj1-shard-00-01.mmilbvc.mongodb.net","timestamp":"2026-03-23T09:12:55.419Z"}
{"level":"info","message":"Mass Data Imported Successfully!","timestamp":"2026-03-23T09:12:57.674Z"}
{"level":"info","message":"DNS servers set to Google DNS for SRV resolution","timestamp":"2026-03-23T09:16:33.899Z"}
{"level":"info","message":"Attempting to connect to MongoDB Atlas...","timestamp":"2026-03-23T09:16:33.916Z"}
{"level":"error","message":"Error destroying data: Operation `orders.deleteMany()` buffering timed out after 10000ms","timestamp":"2026-03-23T09:16:44.272Z"}
{"level":"info","message":"DNS servers set to Google DNS for SRV resolution","timestamp":"2026-03-23T09:17:13.713Z"}
{"level":"info","message":"Attempting to connect to MongoDB Atlas...","timestamp":"2026-03-23T09:17:13.732Z"}
{"level":"info","message":"MongoDB Connected: ac-tgtccj1-shard-00-00.mmilbvc.mongodb.net","timestamp":"2026-03-23T09:17:14.499Z"}
{"level":"info","message":"Mass Data Imported Successfully!","timestamp":"2026-03-23T09:17:16.341Z"}
{"level":"info","message":"DNS servers set to Google DNS for SRV resolution","timestamp":"2026-03-23T09:30:32.540Z"}
{"level":"info","message":"Attempting to connect to MongoDB Atlas...","timestamp":"2026-03-23T09:30:32.563Z"}
{"level":"info","message":"MongoDB Connected: ac-tgtccj1-shard-00-00.mmilbvc.mongodb.net","timestamp":"2026-03-23T09:30:33.426Z"}
{"level":"info","message":"Data Destroyed!","timestamp":"2026-03-23T09:30:34.100Z"}
{"level":"info","message":"DNS servers set to Google DNS for SRV resolution","timestamp":"2026-03-23T09:30:57.869Z"}
{"level":"info","message":"Attempting to connect to MongoDB Atlas...","timestamp":"2026-03-23T09:30:57.891Z"}
{"level":"info","message":"MongoDB Connected: ac-tgtccj1-shard-00-00.mmilbvc.mongodb.net","timestamp":"2026-03-23T09:30:58.711Z"}
{"level":"info","message":"Mass Data Imported Successfully!","timestamp":"2026-03-23T09:31:01.363Z"}
{"level":"info","message":"DNS servers set to Google DNS for SRV resolution","timestamp":"2026-03-24T09:57:22.945Z"}
{"level":"info","message":"Attempting to connect to MongoDB Atlas...","timestamp":"2026-03-24T09:57:22.962Z"}
{"level":"info","message":"MongoDB Connected: ac-tgtccj1-shard-00-02.mmilbvc.mongodb.net","timestamp":"2026-03-24T09:57:24.295Z"}
{"level":"info","message":"Mass Data Imported Successfully!","timestamp":"2026-03-24T09:57:27.188Z"}
{"level":"info","message":"DNS servers set to Google DNS for SRV resolution","timestamp":"2026-03-25T05:36:45.162Z"}
{"level":"info","message":"Attempting to connect to MongoDB Atlas...","timestamp":"2026-03-25T05:36:45.194Z"}
{"level":"info","message":"MongoDB Connected: ac-tgtccj1-shard-00-00.mmilbvc.mongodb.net","timestamp":"2026-03-25T05:36:46.177Z"}
{"level":"info","message":"Mass Data Imported Successfully!","timestamp":"2026-03-25T05:36:48.843Z"}
{"level":"info","message":"DNS servers set to Google DNS for SRV resolution","timestamp":"2026-03-25T06:32:27.292Z"}
{"level":"info","message":"Attempting to connect to MongoDB Atlas...","timestamp":"2026-03-25T06:32:27.312Z"}
{"level":"info","message":"MongoDB Connected: ac-tgtccj1-shard-00-02.mmilbvc.mongodb.net","timestamp":"2026-03-25T06:32:28.342Z"}
{"level":"info","message":"Mass Data Imported Successfully!","timestamp":"2026-03-25T06:32:30.781Z"}
{"level":"info","message":"DNS servers set to Google DNS for SRV resolution","timestamp":"2026-03-25T07:11:02.471Z"}
{"level":"info","message":"Attempting to connect to MongoDB Atlas...","timestamp":"2026-03-25T07:11:02.493Z"}
{"level":"info","message":"MongoDB Connected: ac-tgtccj1-shard-00-00.mmilbvc.mongodb.net","timestamp":"2026-03-25T07:11:03.780Z"}
{"level":"info","message":"Mass Data Imported Successfully!","timestamp":"2026-03-25T07:11:06.812Z"}
{"level":"info","message":"DNS servers set to Google DNS for SRV resolution","timestamp":"2026-03-25T08:21:12.276Z"}
{"level":"info","message":"Attempting to connect to MongoDB Atlas...","timestamp":"2026-03-25T08:21:12.296Z"}
{"level":"info","message":"MongoDB Connected: ac-tgtccj1-shard-00-01.mmilbvc.mongodb.net","timestamp":"2026-03-25T08:21:13.228Z"}
{"level":"info","message":"Mass Data Imported Successfully!","timestamp":"2026-03-25T08:21:15.639Z"}
{"level":"info","message":"DNS servers set to Google DNS for SRV resolution","timestamp":"2026-03-25T08:46:51.854Z"}
{"level":"info","message":"Attempting to connect to MongoDB Atlas...","timestamp":"2026-03-25T08:46:51.893Z"}
{"level":"info","message":"MongoDB Connected: ac-tgtccj1-shard-00-02.mmilbvc.mongodb.net","timestamp":"2026-03-25T08:46:52.837Z"}
{"level":"info","message":"Mass Data Imported Successfully!","timestamp":"2026-03-25T08:46:55.605Z"}
{"level":"info","message":"DNS servers set to Google DNS for SRV resolution","timestamp":"2026-03-25T09:08:10.255Z"}
{"level":"info","message":"Attempting to connect to MongoDB Atlas...","timestamp":"2026-03-25T09:08:10.273Z"}
{"level":"info","message":"MongoDB Connected: ac-tgtccj1-shard-00-02.mmilbvc.mongodb.net","timestamp":"2026-03-25T09:08:11.131Z"}
{"level":"info","message":"Mass Data Imported Successfully!","timestamp":"2026-03-25T09:08:13.234Z"}
{"level":"info","message":"DNS servers set to Google DNS for SRV resolution","timestamp":"2026-03-25T09:23:56.255Z"}
{"level":"info","message":"Attempting to connect to MongoDB Atlas...","timestamp":"2026-03-25T09:23:56.271Z"}
{"level":"info","message":"MongoDB Connected: ac-tgtccj1-shard-00-00.mmilbvc.mongodb.net","timestamp":"2026-03-25T09:23:57.357Z"}
{"level":"info","message":"Mass Data Imported Successfully!","timestamp":"2026-03-25T09:23:59.674Z"}
{"level":"info","message":"DNS servers set to Google DNS for SRV resolution","timestamp":"2026-03-25T09:26:34.251Z"}
{"level":"info","message":"Attempting to connect to MongoDB Atlas...","timestamp":"2026-03-25T09:26:37.980Z"}
{"level":"info","message":"Server running on port 5000","timestamp":"2026-03-25T09:26:38.100Z"}
{"level":"info","message":"MongoDB Connected: ac-tgtccj1-shard-00-00.mmilbvc.mongodb.net","timestamp":"2026-03-25T09:26:38.894Z"}
{"level":"info","message":"DNS servers set to Google DNS for SRV resolution","timestamp":"2026-03-25T09:56:42.424Z"}
{"level":"info","message":"Attempting to connect to MongoDB Atlas...","timestamp":"2026-03-25T09:56:42.443Z"}
{"level":"info","message":"MongoDB Connected: ac-tgtccj1-shard-00-02.mmilbvc.mongodb.net","timestamp":"2026-03-25T09:56:43.388Z"}
{"level":"info","message":"Mass Data Imported Successfully!","timestamp":"2026-03-25T09:56:45.967Z"}
{"level":"info","message":"DNS servers set to Google DNS for SRV resolution","timestamp":"2026-03-25T10:14:42.543Z"}
{"level":"info","message":"Attempting to connect to MongoDB Atlas...","timestamp":"2026-03-25T10:14:42.567Z"}
{"level":"info","message":"MongoDB Connected: ac-tgtccj1-shard-00-02.mmilbvc.mongodb.net","timestamp":"2026-03-25T10:14:43.418Z"}
{"level":"info","message":"Mass Data Imported Successfully!","timestamp":"2026-03-25T10:14:45.804Z"}
{"level":"info","message":"DNS servers set to Google DNS for SRV resolution","timestamp":"2026-03-25T10:21:52.090Z"}
{"level":"info","message":"Attempting to connect to MongoDB Atlas...","timestamp":"2026-03-25T10:21:52.123Z"}
{"level":"info","message":"MongoDB Connected: ac-tgtccj1-shard-00-01.mmilbvc.mongodb.net","timestamp":"2026-03-25T10:21:53.241Z"}
{"level":"info","message":"Mass Data Imported Successfully!","timestamp":"2026-03-25T10:21:56.216Z"}
{"level":"info","message":"GET /api/products?pageSize=1000","timestamp":"2026-03-25T10:41:32.531Z"}
{"level":"info","message":"GET /api/products","timestamp":"2026-03-25T10:42:30.768Z"}
{"level":"info","message":"GET /favicon.ico","timestamp":"2026-03-25T10:42:31.672Z"}
{"level":"info","message":"GET /api/auth/profile","timestamp":"2026-03-25T10:43:17.169Z"}
{"level":"info","message":"Verifying auth token...","timestamp":"2026-03-25T10:43:17.185Z"}
{"level":"error","message":"User not found in database - GET /api/auth/profile","timestamp":"2026-03-25T10:43:17.430Z"}
{"level":"error","message":"Error: User not found in database\n    at C:\\Users\\user\\Desktop\\ecommerce\\backend\\src\\middleware\\auth.middleware.ts:52:25\n    at processTicksAndRejections (node:internal/process/task_queues:103:5)","timestamp":"2026-03-25T10:43:17.496Z"}
{"level":"info","message":"GET /api/products?pageSize=1000","timestamp":"2026-03-25T10:43:18.491Z"}
{"level":"info","message":"DNS servers set to Google DNS for SRV resolution","timestamp":"2026-03-25T11:07:35.078Z"}
{"level":"info","message":"Attempting to connect to MongoDB Atlas...","timestamp":"2026-03-25T11:07:35.104Z"}
{"level":"info","message":"MongoDB Connected: ac-tgtccj1-shard-00-01.mmilbvc.mongodb.net","timestamp":"2026-03-25T11:07:36.239Z"}
{"level":"info","message":"Mass Data Imported Successfully!","timestamp":"2026-03-25T11:07:38.517Z"}
{"level":"info","message":"DNS servers set to Google DNS for SRV resolution","timestamp":"2026-03-26T06:24:23.856Z"}
{"level":"info","message":"Attempting to connect to MongoDB Atlas...","timestamp":"2026-03-26T06:24:23.874Z"}
{"level":"info","message":"MongoDB Connected: ac-tgtccj1-shard-00-02.mmilbvc.mongodb.net","timestamp":"2026-03-26T06:24:24.669Z"}
{"level":"info","message":"Mass Data Imported Successfully!","timestamp":"2026-03-26T06:24:27.276Z"}
{"level":"info","message":"DNS servers set to Google DNS for SRV resolution","timestamp":"2026-03-26T06:56:18.207Z"}
{"level":"info","message":"Attempting to connect to MongoDB Atlas...","timestamp":"2026-03-26T06:56:18.228Z"}
{"level":"info","message":"MongoDB Connected: ac-tgtccj1-shard-00-00.mmilbvc.mongodb.net","timestamp":"2026-03-26T06:56:19.217Z"}
{"level":"info","message":"Mass Data Imported Successfully!","timestamp":"2026-03-26T06:56:22.040Z"}
{"level":"info","message":"DNS servers set to Google DNS for SRV resolution","timestamp":"2026-03-26T07:12:45.985Z"}
{"level":"info","message":"Attempting to connect to MongoDB Atlas...","timestamp":"2026-03-26T07:12:46.002Z"}
{"level":"info","message":"MongoDB Connected: ac-tgtccj1-shard-00-02.mmilbvc.mongodb.net","timestamp":"2026-03-26T07:12:49.412Z"}
{"level":"info","message":"Mass Data Imported Successfully!","timestamp":"2026-03-26T07:12:52.800Z"}
{"level":"info","message":"DNS servers set to Google DNS for SRV resolution","timestamp":"2026-03-26T08:59:19.227Z"}
{"level":"info","message":"Attempting to connect to MongoDB Atlas...","timestamp":"2026-03-26T08:59:19.250Z"}
{"level":"info","message":"MongoDB Connected: ac-tgtccj1-shard-00-01.mmilbvc.mongodb.net","timestamp":"2026-03-26T08:59:22.737Z"}
{"level":"info","message":"Mass Data Imported Successfully!","timestamp":"2026-03-26T08:59:25.293Z"}
{"level":"info","message":"DNS servers set to Google DNS for SRV resolution","timestamp":"2026-03-26T09:31:54.478Z"}
{"level":"info","message":"Attempting to connect to MongoDB Atlas...","timestamp":"2026-03-26T09:32:01.137Z"}
{"level":"info","message":"Server running on port 5000","timestamp":"2026-03-26T09:32:01.260Z"}
{"level":"info","message":"MongoDB Connected: ac-tgtccj1-shard-00-00.mmilbvc.mongodb.net","timestamp":"2026-03-26T09:32:02.157Z"}
{"level":"info","message":"DNS servers set to Google DNS for SRV resolution","timestamp":"2026-03-27T06:01:09.763Z"}
{"level":"info","message":"Attempting to connect to MongoDB Atlas...","timestamp":"2026-03-27T06:01:09.789Z"}
{"level":"info","message":"MongoDB Connected: ac-tgtccj1-shard-00-00.mmilbvc.mongodb.net","timestamp":"2026-03-27T06:01:10.827Z"}
{"level":"info","message":"Mass Data Imported Successfully!","timestamp":"2026-03-27T06:01:15.655Z"}
{"level":"info","message":"DNS servers set to Google DNS for SRV resolution","timestamp":"2026-03-27T06:16:24.310Z"}
{"level":"info","message":"Attempting to connect to MongoDB Atlas...","timestamp":"2026-03-27T06:16:24.375Z"}
{"level":"info","message":"MongoDB Connected: ac-tgtccj1-shard-00-02.mmilbvc.mongodb.net","timestamp":"2026-03-27T06:16:25.877Z"}
{"level":"info","message":"Mass Data Imported Successfully!","timestamp":"2026-03-27T06:16:32.391Z"}
{"level":"info","message":"DNS servers set to Google DNS for SRV resolution","timestamp":"2026-03-27T06:57:09.460Z"}
{"level":"info","message":"Attempting to connect to MongoDB Atlas...","timestamp":"2026-03-27T06:57:09.571Z"}
{"level":"info","message":"MongoDB Connected: ac-tgtccj1-shard-00-01.mmilbvc.mongodb.net","timestamp":"2026-03-27T06:57:11.177Z"}
{"level":"info","message":"Mass Data Imported Successfully!","timestamp":"2026-03-27T06:57:17.980Z"}
